Determining if the pthread_create exist failed with the following output:
Change Dir: /home/jeff/project/RGBD_annotation/image_collect/build/CMakeFiles/CMakeTmp

Run Build Command:"/usr/bin/make" "cmTC_30e9d/fast"
/usr/bin/make -f CMakeFiles/cmTC_30e9d.dir/build.make CMakeFiles/cmTC_30e9d.dir/build
make[1]: 进入目录“/home/jeff/project/RGBD_annotation/image_collect/build/CMakeFiles/CMakeTmp”
Building C object CMakeFiles/cmTC_30e9d.dir/CheckSymbolExists.c.o
/usr/bin/cc    -o CMakeFiles/cmTC_30e9d.dir/CheckSymbolExists.c.o   -c /home/jeff/project/RGBD_annotation/image_collect/build/CMakeFiles/CMakeTmp/CheckSymbolExists.c
Linking C executable cmTC_30e9d
/usr/bin/cmake -E cmake_link_script CMakeFiles/cmTC_30e9d.dir/link.txt --verbose=1
/usr/bin/cc      -rdynamic CMakeFiles/cmTC_30e9d.dir/CheckSymbolExists.c.o  -o cmTC_30e9d 
CMakeFiles/cmTC_30e9d.dir/CheckSymbolExists.c.o：在函数‘main’中：
CheckSymbolExists.c:(.text+0x1b)：对‘pthread_create’未定义的引用
collect2: error: ld returned 1 exit status
CMakeFiles/cmTC_30e9d.dir/build.make:97: recipe for target 'cmTC_30e9d' failed
make[1]: *** [cmTC_30e9d] Error 1
make[1]: 离开目录“/home/jeff/project/RGBD_annotation/image_collect/build/CMakeFiles/CMakeTmp”
Makefile:126: recipe for target 'cmTC_30e9d/fast' failed
make: *** [cmTC_30e9d/fast] Error 2

File /home/jeff/project/RGBD_annotation/image_collect/build/CMakeFiles/CMakeTmp/CheckSymbolExists.c:
/* */
#include <pthread.h>

int main(int argc, char** argv)
{
  (void)argv;
#ifndef pthread_create
  return ((int*)(&pthread_create))[argc];
#else
  (void)argc;
  return 0;
#endif
}

Determining if the function pthread_create exists in the pthreads failed with the following output:
Change Dir: /home/jeff/project/RGBD_annotation/image_collect/build/CMakeFiles/CMakeTmp

Run Build Command:"/usr/bin/make" "cmTC_5cdcb/fast"
/usr/bin/make -f CMakeFiles/cmTC_5cdcb.dir/build.make CMakeFiles/cmTC_5cdcb.dir/build
make[1]: 进入目录“/home/jeff/project/RGBD_annotation/image_collect/build/CMakeFiles/CMakeTmp”
Building C object CMakeFiles/cmTC_5cdcb.dir/CheckFunctionExists.c.o
/usr/bin/cc   -DCHECK_FUNCTION_EXISTS=pthread_create   -o CMakeFiles/cmTC_5cdcb.dir/CheckFunctionExists.c.o   -c /usr/share/cmake-3.10/Modules/CheckFunctionExists.c
Linking C executable cmTC_5cdcb
/usr/bin/cmake -E cmake_link_script CMakeFiles/cmTC_5cdcb.dir/link.txt --verbose=1
/usr/bin/cc  -DCHECK_FUNCTION_EXISTS=pthread_create    -rdynamic CMakeFiles/cmTC_5cdcb.dir/CheckFunctionExists.c.o  -o cmTC_5cdcb -lpthreads 
/usr/bin/ld: 找不到 -lpthreads
collect2: error: ld returned 1 exit status
CMakeFiles/cmTC_5cdcb.dir/build.make:97: recipe for target 'cmTC_5cdcb' failed
make[1]: *** [cmTC_5cdcb] Error 1
make[1]: 离开目录“/home/jeff/project/RGBD_annotation/image_collect/build/CMakeFiles/CMakeTmp”
Makefile:126: recipe for target 'cmTC_5cdcb/fast' failed
make: *** [cmTC_5cdcb/fast] Error 2


